<?xml version="1.0" encoding="utf-8"?>
<TestRun id="6e196015-ee4a-44f3-9b75-cc24de6e0d28" name="chris@WORK 2026-04-30 03:08:54" runUser="WORK\chris" xmlns="http://microsoft.com/schemas/VisualStudio/TeamTest/2010">
  <Times creation="2026-04-30T03:08:54.5123540-04:00" queuing="2026-04-30T03:08:54.5123541-04:00" start="2026-04-30T03:08:54.1072609-04:00" finish="2026-04-30T03:08:54.5151815-04:00" />
  <TestSettings name="default" id="542461fe-80a4-44b2-993c-1ac431d592a6">
    <Deployment runDeploymentRoot="chris_WORK_2026-04-30_03_08_54" />
  </TestSettings>
  <Results>
    <UnitTestResult executionId="ad237591-3d9f-497d-88fd-ea60db70dc9b" testId="1983a84e-ba9b-cbd2-ce70-05a800f04039" testName="MoonBark.EntityTargetingSystem.Tests.AbilityTargetingComponentTests.Failure_CapturesReasonAndKind" computerName="WORK" duration="00:00:00.0043705" startTime="2026-04-30T03:08:54.4367897-04:00" endTime="2026-04-30T03:08:54.4449851-04:00" testType="13cdc9d9-ddb5-4fa4-a97d-d965ccfc6d4b" outcome="Passed" testListId="8c84fa94-04c1-424b-9868-57a2d4851a1d" relativeResultsDirectory="ad237591-3d9f-497d-88fd-ea60db70dc9b" />
    <UnitTestResult executionId="7bfeb949-4692-41b1-8e74-ea1e6b656834" testId="e6b024f0-931f-643f-9841-f9542d2979ce" testName="MoonBark.EntityTargetingSystem.Tests.AbilityTargetingComponentTests.HostileAndNeutralOnly_RejectsFriendly" computerName="WORK" duration="00:00:00.0000706" startTime="2026-04-30T03:08:54.4504334-04:00" endTime="2026-04-30T03:08:54.4504638-04:00" testType="13cdc9d9-ddb5-4fa4-a97d-d965ccfc6d4b" outcome="Passed" testListId="8c84fa94-04c1-424b-9868-57a2d4851a1d" relativeResultsDirectory="7bfeb949-4692-41b1-8e74-ea1e6b656834" />
    <UnitTestResult executionId="ebc87fa2-1925-4706-8837-239635396ccf" testId="1e14a84e-b826-be1e-26b9-5ad6db0f1c5f" testName="MoonBark.EntityTargetingSystem.Tests.AbilityTargetingComponentTests.AnyTarget_AllowsEveryDisposition" computerName="WORK" duration="00:00:00.0008295" startTime="2026-04-30T03:08:54.4501079-04:00" endTime="2026-04-30T03:08:54.4501531-04:00" testType="13cdc9d9-ddb5-4fa4-a97d-d965ccfc6d4b" outcome="Passed" testListId="8c84fa94-04c1-424b-9868-57a2d4851a1d" relativeResultsDirectory="ebc87fa2-1925-4706-8837-239635396ccf" />
  </Results>
  <TestDefinitions>
    <UnitTest name="MoonBark.EntityTargetingSystem.Tests.AbilityTargetingComponentTests.AnyTarget_AllowsEveryDisposition" storage="c:\gamedev\godot\projects\plugins\entitytargetingsystem\tests\bin\debug\net8.0\moonbark.entitytargetingsystem.tests.dll" id="1e14a84e-b826-be1e-26b9-5ad6db0f1c5f">
      <Execution id="ebc87fa2-1925-4706-8837-239635396ccf" />
      <TestMethod codeBase="C:\gamedev\godot\projects\plugins\EntityTargetingSystem\Tests\bin\Debug\net8.0\MoonBark.EntityTargetingSystem.Tests.dll" adapterTypeName="executor://xunit/VsTestRunner3/netcore/" className="MoonBark.EntityTargetingSystem.Tests.AbilityTargetingComponentTests" name="AnyTarget_AllowsEveryDisposition" />
    </UnitTest>
    <UnitTest name="MoonBark.EntityTargetingSystem.Tests.AbilityTargetingComponentTests.HostileAndNeutralOnly_RejectsFriendly" storage="c:\gamedev\godot\projects\plugins\entitytargetingsystem\tests\bin\debug\net8.0\moonbark.entitytargetingsystem.tests.dll" id="e6b024f0-931f-643f-9841-f9542d2979ce">
      <Execution id="7bfeb949-4692-41b1-8e74-ea1e6b656834" />
      <TestMethod codeBase="C:\gamedev\godot\projects\plugins\EntityTargetingSystem\Tests\bin\Debug\net8.0\MoonBark.EntityTargetingSystem.Tests.dll" adapterTypeName="executor://xunit/VsTestRunner3/netcore/" className="MoonBark.EntityTargetingSystem.Tests.AbilityTargetingComponentTests" name="HostileAndNeutralOnly_RejectsFriendly" />
    </UnitTest>
    <UnitTest name="MoonBark.EntityTargetingSystem.Tests.AbilityTargetingComponentTests.Failure_CapturesReasonAndKind" storage="c:\gamedev\godot\projects\plugins\entitytargetingsystem\tests\bin\debug\net8.0\moonbark.entitytargetingsystem.tests.dll" id="1983a84e-ba9b-cbd2-ce70-05a800f04039">
      <Execution id="ad237591-3d9f-497d-88fd-ea60db70dc9b" />
      <TestMethod codeBase="C:\gamedev\godot\projects\plugins\EntityTargetingSystem\Tests\bin\Debug\net8.0\MoonBark.EntityTargetingSystem.Tests.dll" adapterTypeName="executor://xunit/VsTestRunner3/netcore/" className="MoonBark.EntityTargetingSystem.Tests.AbilityTargetingComponentTests" name="Failure_CapturesReasonAndKind" />
    </UnitTest>
  </TestDefinitions>
  <TestEntries>
    <TestEntry testId="1983a84e-ba9b-cbd2-ce70-05a800f04039" executionId="ad237591-3d9f-497d-88fd-ea60db70dc9b" testListId="8c84fa94-04c1-424b-9868-57a2d4851a1d" />
    <TestEntry testId="e6b024f0-931f-643f-9841-f9542d2979ce" executionId="7bfeb949-4692-41b1-8e74-ea1e6b656834" testListId="8c84fa94-04c1-424b-9868-57a2d4851a1d" />
    <TestEntry testId="1e14a84e-b826-be1e-26b9-5ad6db0f1c5f" executionId="ebc87fa2-1925-4706-8837-239635396ccf" testListId="8c84fa94-04c1-424b-9868-57a2d4851a1d" />
  </TestEntries>
  <TestLists>
    <TestList name="Results Not in a List" id="8c84fa94-04c1-424b-9868-57a2d4851a1d" />
    <TestList name="All Loaded Results" id="19431567-8539-422a-85d7-44ee4e166bda" />
  </TestLists>
  <ResultSummary outcome="Completed">
    <Counters total="3" executed="3" passed="3" failed="0" error="0" timeout="0" aborted="0" inconclusive="0" passedButRunAborted="0" notRunnable="0" notExecuted="0" disconnected="0" warning="0" completed="0" inProgress="0" pending="0" />
    <Output>
      <StdOut>[xUnit.net 00:00:00.00] xUnit.net VSTest Adapter v3.1.4+50e68bbb8b (64-bit .NET 8.0.24)&#xD;
[xUnit.net 00:00:00.04]   Discovering: MoonBark.EntityTargetingSystem.Tests&#xD;
[xUnit.net 00:00:00.06]   Discovered:  MoonBark.EntityTargetingSystem.Tests&#xD;
[xUnit.net 00:00:00.07]   Starting:    MoonBark.EntityTargetingSystem.Tests&#xD;
[xUnit.net 00:00:00.10]   Finished:    MoonBark.EntityTargetingSystem.Tests&#xD;
</StdOut>
    </Output>
  </ResultSummary>
</TestRun>