<?xml version="1.0" encoding="utf-8"?>
<TestRun id="c5f67225-d05f-4976-877e-c04ebb8b6316" name="chris@WORK 2026-04-30 03:02:13" runUser="WORK\chris" xmlns="http://microsoft.com/schemas/VisualStudio/TeamTest/2010">
  <Times creation="2026-04-30T03:02:13.1720851-04:00" queuing="2026-04-30T03:02:13.1720852-04:00" start="2026-04-30T03:02:12.7663379-04:00" finish="2026-04-30T03:02:13.1747840-04:00" />
  <TestSettings name="default" id="b8318fee-c946-4f86-b48f-5492af9fad54">
    <Deployment runDeploymentRoot="chris_WORK_2026-04-30_03_02_13" />
  </TestSettings>
  <Results>
    <UnitTestResult executionId="9d03c9cc-8ea8-4a46-9611-cf9e8889ce96" testId="1e14a84e-b826-be1e-26b9-5ad6db0f1c5f" testName="MoonBark.EntityTargetingSystem.Tests.AbilityTargetingComponentTests.AnyTarget_AllowsEveryDisposition" computerName="WORK" duration="00:00:00.0008180" startTime="2026-04-30T03:02:13.1049823-04:00" endTime="2026-04-30T03:02:13.1050275-04:00" testType="13cdc9d9-ddb5-4fa4-a97d-d965ccfc6d4b" outcome="Passed" testListId="8c84fa94-04c1-424b-9868-57a2d4851a1d" relativeResultsDirectory="9d03c9cc-8ea8-4a46-9611-cf9e8889ce96" />
    <UnitTestResult executionId="660d1d24-1856-4ce6-b02d-b8fa79b146fb" testId="e6b024f0-931f-643f-9841-f9542d2979ce" testName="MoonBark.EntityTargetingSystem.Tests.AbilityTargetingComponentTests.HostileAndNeutralOnly_RejectsFriendly" computerName="WORK" duration="00:00:00.0000748" startTime="2026-04-30T03:02:13.1052748-04:00" endTime="2026-04-30T03:02:13.1053069-04:00" testType="13cdc9d9-ddb5-4fa4-a97d-d965ccfc6d4b" outcome="Passed" testListId="8c84fa94-04c1-424b-9868-57a2d4851a1d" relativeResultsDirectory="660d1d24-1856-4ce6-b02d-b8fa79b146fb" />
    <UnitTestResult executionId="d7c9d812-2afe-4178-b3df-f655a0086178" testId="1983a84e-ba9b-cbd2-ce70-05a800f04039" testName="MoonBark.EntityTargetingSystem.Tests.AbilityTargetingComponentTests.Failure_CapturesReasonAndKind" computerName="WORK" duration="00:00:00.0041591" startTime="2026-04-30T03:02:13.0920943-04:00" endTime="2026-04-30T03:02:13.0997614-04:00" testType="13cdc9d9-ddb5-4fa4-a97d-d965ccfc6d4b" outcome="Passed" testListId="8c84fa94-04c1-424b-9868-57a2d4851a1d" relativeResultsDirectory="d7c9d812-2afe-4178-b3df-f655a0086178" />
  </Results>
  <TestDefinitions>
    <UnitTest name="MoonBark.EntityTargetingSystem.Tests.AbilityTargetingComponentTests.AnyTarget_AllowsEveryDisposition" storage="c:\gamedev\godot\projects\plugins\entitytargetingsystem\tests\bin\debug\net8.0\moonbark.entitytargetingsystem.tests.dll" id="1e14a84e-b826-be1e-26b9-5ad6db0f1c5f">
      <Execution id="9d03c9cc-8ea8-4a46-9611-cf9e8889ce96" />
      <TestMethod codeBase="C:\gamedev\godot\projects\plugins\EntityTargetingSystem\Tests\bin\Debug\net8.0\MoonBark.EntityTargetingSystem.Tests.dll" adapterTypeName="executor://xunit/VsTestRunner3/netcore/" className="MoonBark.EntityTargetingSystem.Tests.AbilityTargetingComponentTests" name="AnyTarget_AllowsEveryDisposition" />
    </UnitTest>
    <UnitTest name="MoonBark.EntityTargetingSystem.Tests.AbilityTargetingComponentTests.HostileAndNeutralOnly_RejectsFriendly" storage="c:\gamedev\godot\projects\plugins\entitytargetingsystem\tests\bin\debug\net8.0\moonbark.entitytargetingsystem.tests.dll" id="e6b024f0-931f-643f-9841-f9542d2979ce">
      <Execution id="660d1d24-1856-4ce6-b02d-b8fa79b146fb" />
      <TestMethod codeBase="C:\gamedev\godot\projects\plugins\EntityTargetingSystem\Tests\bin\Debug\net8.0\MoonBark.EntityTargetingSystem.Tests.dll" adapterTypeName="executor://xunit/VsTestRunner3/netcore/" className="MoonBark.EntityTargetingSystem.Tests.AbilityTargetingComponentTests" name="HostileAndNeutralOnly_RejectsFriendly" />
    </UnitTest>
    <UnitTest name="MoonBark.EntityTargetingSystem.Tests.AbilityTargetingComponentTests.Failure_CapturesReasonAndKind" storage="c:\gamedev\godot\projects\plugins\entitytargetingsystem\tests\bin\debug\net8.0\moonbark.entitytargetingsystem.tests.dll" id="1983a84e-ba9b-cbd2-ce70-05a800f04039">
      <Execution id="d7c9d812-2afe-4178-b3df-f655a0086178" />
      <TestMethod codeBase="C:\gamedev\godot\projects\plugins\EntityTargetingSystem\Tests\bin\Debug\net8.0\MoonBark.EntityTargetingSystem.Tests.dll" adapterTypeName="executor://xunit/VsTestRunner3/netcore/" className="MoonBark.EntityTargetingSystem.Tests.AbilityTargetingComponentTests" name="Failure_CapturesReasonAndKind" />
    </UnitTest>
  </TestDefinitions>
  <TestEntries>
    <TestEntry testId="1e14a84e-b826-be1e-26b9-5ad6db0f1c5f" executionId="9d03c9cc-8ea8-4a46-9611-cf9e8889ce96" testListId="8c84fa94-04c1-424b-9868-57a2d4851a1d" />
    <TestEntry testId="e6b024f0-931f-643f-9841-f9542d2979ce" executionId="660d1d24-1856-4ce6-b02d-b8fa79b146fb" testListId="8c84fa94-04c1-424b-9868-57a2d4851a1d" />
    <TestEntry testId="1983a84e-ba9b-cbd2-ce70-05a800f04039" executionId="d7c9d812-2afe-4178-b3df-f655a0086178" testListId="8c84fa94-04c1-424b-9868-57a2d4851a1d" />
  </TestEntries>
  <TestLists>
    <TestList name="Results Not in a List" id="8c84fa94-04c1-424b-9868-57a2d4851a1d" />
    <TestList name="All Loaded Results" id="19431567-8539-422a-85d7-44ee4e166bda" />
  </TestLists>
  <ResultSummary outcome="Completed">
    <Counters total="3" executed="3" passed="3" failed="0" error="0" timeout="0" aborted="0" inconclusive="0" passedButRunAborted="0" notRunnable="0" notExecuted="0" disconnected="0" warning="0" completed="0" inProgress="0" pending="0" />
    <Output>
      <StdOut>[xUnit.net 00:00:00.00] xUnit.net VSTest Adapter v3.1.4+50e68bbb8b (64-bit .NET 8.0.24)&#xD;
[xUnit.net 00:00:00.04]   Discovering: MoonBark.EntityTargetingSystem.Tests&#xD;
[xUnit.net 00:00:00.06]   Discovered:  MoonBark.EntityTargetingSystem.Tests&#xD;
[xUnit.net 00:00:00.07]   Starting:    MoonBark.EntityTargetingSystem.Tests&#xD;
[xUnit.net 00:00:00.10]   Finished:    MoonBark.EntityTargetingSystem.Tests&#xD;
</StdOut>
    </Output>
  </ResultSummary>
</TestRun>